I'm working...
no new likes found
I'm working...
no new likes found
I'm working...
no new likes found
I'm working...
no new likes found
I'm working...
no new likes found
I'm working...
no new likes found
I'm working...
no new likes found
I'm working...
no new likes found
I'm working...
no new likes found
I'm working...
no new likes found
I'm working...
no new likes found
I'm working...
no new likes found
I'm working...
403
{'message': 'Forbidden'}
no new likes found
I'm working...
403
{'message': 'Forbidden'}
no new likes found
I'm working...
403
{'message': 'Forbidden'}
no new likes found
I'm working...
403
{'message': 'Forbidden'}
no new likes found
I'm working...
403
{'message': 'Forbidden'}
no new likes found
I'm working...
403
{'message': 'Forbidden'}
no new likes found
I'm working...
403
{'message': 'Forbidden'}
no new likes found
I'm working...
403
{'message': 'Forbidden'}
no new likes found
I'm working...
403
{'message': 'Forbidden'}
no new likes found
I'm working...
403
{'message': 'Forbidden'}
no new likes found
I'm working...
403
{'message': 'Forbidden'}
no new likes found
I'm working...
403
{'message': 'Forbidden'}
no new likes found
I'm working...
403
{'message': 'Forbidden'}
no new likes found
I'm working...
403
{'message': 'Forbidden'}
no new likes found
I'm working...
403
{'message': 'Forbidden'}
no new likes found
I'm working...
502
{'message': 'Internal server error'}
no new likes found
I'm working...
502
{'message': 'Internal server error'}
no new likes found
I'm working...
502
{'message': 'Internal server error'}
no new likes found
I'm working...
502
{'message': 'Internal server error'}
no new likes found
I'm working...
502
{'message': 'Internal server error'}
no new likes found
I'm working...
502
{'message': 'Internal server error'}
no new likes found
I'm working...
502
{'message': 'Internal server error'}
no new likes found
I'm working...
502
{'message': 'Internal server error'}
no new likes found
I'm working...
502
{'message': 'Internal server error'}
no new likes found
I'm working...
502
{'message': 'Internal server error'}
no new likes found
I'm working...
502
{'message': 'Internal server error'}
no new likes found
I'm working...
502
{'message': 'Internal server error'}
no new likes found
I'm working...
502
{'message': 'Internal server error'}
no new likes found
I'm working...
502
{'message': 'Internal server error'}
no new likes found
I'm working...
502
{'message': 'Internal server error'}
no new likes found
I'm working...
200
[]
no new likes found
I'm working...
200
[]
no new likes found
I'm working...
200
[]
no new likes found
I'm working...
200
[]
no new likes found
I'm working...
200
[]
no new likes found
I'm working...
200
[]
no new likes found
I'm working...
200
[]
no new likes found
I'm working...
200
[]
no new likes found
I'm working...
200
[]
no new likes found
I'm working...
200
[]
no new likes found
I'm working...
200
[]
no new likes found
I'm working...
200
[]
no new likes found
I'm working...
200
[]
no new likes found
I'm working...
200
[]
no new likes found
I'm working...
200
[]
no new likes found
I'm working...
200
[]
no new likes found
I'm working...
200
[]
no new likes found
I'm working...
200
[]
no new likes found
I'm working...
200
[]
no new likes found
I'm working...
200
[]
no new likes found
I'm working...
200
[]
no new likes found
I'm working...
200
[]
no new likes found
I'm working...
200
[]
no new likes found
I'm working...
200
[]
no new likes found
I'm working...
200
[]
no new likes found
I'm working...
200
[]
no new likes found
I'm working...
200
[]
no new likes found
I'm working...
200
[]
no new likes found
I'm working...
200
[]
no new likes found
I'm working...
200
[]
no new likes found
I'm working...
200
[]
no new likes found
I'm working...
200
[]
no new likes found
I'm working...
200
[]
no new likes found
I'm working...
200
[]
no new likes found
I'm working...
2020-11-25T14:07:03.839159
200
[]
no new likes found
I'm working...
2020-11-25T14:07:08.851213
200
[]
no new likes found
I'm working...
2020-11-25T14:07:13.974907
200
[]
no new likes found
I'm working...
2020-11-25T14:07:19.092162
200
[]
no new likes found
I'm working...
2020-11-25T14:07:24.201435
200
[]
no new likes found
I'm working...
2020-11-25T14:07:29.322188
200
[]
no new likes found
I'm working...
2020-11-25T14:07:34.428821
200
[]
no new likes found
I'm working...
2020-11-25T14:07:39.554018
200
[]
no new likes found
I'm working...
2020-11-25T14:07:44.685165
200
[]
no new likes found
I'm working...
2020-11-25T14:07:49.784479
200
[]
no new likes found
I'm working...
2020-11-25T14:07:54.877377
200
[]
no new likes found
I'm working...
2020-11-25T14:08:00.009311
200
[]
no new likes found
I'm working...
2020-11-25T14:08:05.141609
200
[]
no new likes found
I'm working...
2020-11-25T14:08:10.254905
200
[]
no new likes found
I'm working...
2020-11-25T14:08:15.355131
200
[]
no new likes found
I'm working...
2020-11-25T14:08:20.622779
200
[]
no new likes found
I'm working...
2020-11-25T14:08:25.758896
200
[]
no new likes found
I'm working...
2020-11-25T14:08:30.860088
200
[]
no new likes found
I'm working...
2020-11-25T14:08:35.958883
200
[]
no new likes found
I'm working...
2020-11-25T14:08:41.070743
200
[]
no new likes found
I'm working...
2020-11-25T14:08:46.179413
200
[]
no new likes found
I'm working...
2020-11-25T14:08:51.398554
200
[]
no new likes found
I'm working...
2020-11-25T14:08:56.502282
200
[]
no new likes found
I'm working...
2020-11-25T14:09:01.777458
200
[]
no new likes found
I'm working...
2020-11-25T14:09:06.906563
200
[]
no new likes found
I'm working...
2020-11-25T14:09:12.003147
200
[]
no new likes found
I'm working...
2020-11-25T14:09:17.120386
200
[]
no new likes found
I'm working...
2020-11-25T14:09:22.283485
200
[]
no new likes found
I'm working...
2020-11-25T14:09:27.412621
200
[]
no new likes found
I'm working...
2020-11-25T14:09:32.528397
200
[]
no new likes found
I'm working...
2020-11-25T14:09:37.654952
200
[]
no new likes found
I'm working...
2020-11-25T14:09:42.747428
200
[]
no new likes found
I'm working...
2020-11-25T14:09:47.867031
200
[]
no new likes found
I'm working...
2020-11-25T14:09:52.979136
200
[]
no new likes found
I'm working...
2020-11-25T14:09:58.088150
200
[]
no new likes found
I'm working...
2020-11-25T14:10:03.210592
200
[]
no new likes found
I'm working...
2020-11-25T14:10:08.324437
200
[]
no new likes found
I'm working...
2020-11-25T14:10:13.432972
200
[]
no new likes found
I'm working...
2020-11-25T14:10:18.534381
200
[]
no new likes found
I'm working...
2020-11-25T14:10:23.692398
200
[]
no new likes found
I'm working...
2020-11-25T14:10:28.801312
200
[]
no new likes found
I'm working...
2020-11-25T14:10:33.935614
200
[]
no new likes found
I'm working...
2020-11-25T14:10:39.046605
200
[]
no new likes found
I'm working...
2020-11-25T14:10:44.152191
200
[]
no new likes found
I'm working...
2020-11-25T14:10:49.259776
200
[]
no new likes found
I'm working...
2020-11-25T14:10:54.418129
200
[]
no new likes found
I'm working...
2020-11-25T14:10:59.971101
200
[]
no new likes found
I'm working...
2020-11-25T14:11:05.131316
200
[]
no new likes found
I'm working...
2020-11-25T14:11:10.231285
200
[]
no new likes found
I'm working...
2020-11-25T14:11:15.331545
200
[]
no new likes found
I'm working...
2020-11-25T14:11:20.439049
200
[]
no new likes found
I'm working...
2020-11-25T14:11:25.535256
200
[]
no new likes found
I'm working...
2020-11-25T14:11:30.663649
200
[]
no new likes found
I'm working...
2020-11-25T14:11:35.786281
200
[]
no new likes found
I'm working...
2020-11-25T14:11:40.925076
200
[]
no new likes found
I'm working...
2020-11-25T14:11:46.057268
200
[]
no new likes found
I'm working...
2020-11-25T13:11:52.377902+00:00
200
[]
no new likes found
I'm working...
2020-11-25T13:11:57.393454+00:00
200
[]
no new likes found
I'm working...
2020-11-25T13:12:02.524132+00:00
200
[]
no new likes found
I'm working...
2020-11-25T13:12:07.670218+00:00
200
[]
no new likes found
I'm working...
2020-11-25T13:12:12.809069+00:00
200
[]
no new likes found
I'm working...
2020-11-25T13:12:17.926061+00:00
200
[]
no new likes found
I'm working...
2020-11-25T13:12:23.088370+00:00
200
[]
no new likes found
I'm working...
2020-11-25T13:12:28.236123+00:00
200
[]
no new likes found
I'm working...
2020-11-25T13:12:33.350382+00:00
200
[]
no new likes found
I'm working...
2020-11-25T13:12:38.477445+00:00
200
[]
no new likes found
I'm working...
2020-11-25T13:12:43.596768+00:00
200
[]
no new likes found
I'm working...
2020-11-25T13:12:48.700932+00:00
200
[]
no new likes found
I'm working...
2020-11-25T13:12:53.800639+00:00
200
[]
no new likes found
I'm working...
2020-11-25T13:12:58.913670+00:00
200
[]
no new likes found
I'm working...
2020-11-25T13:13:04.022369+00:00
200
[]
no new likes found
I'm working...
2020-11-25T13:13:09.123611+00:00
200
[]
no new likes found
I'm working...
2020-11-25T13:13:14.264107+00:00
200
[]
no new likes found
I'm working...
2020-11-25T13:13:19.371247+00:00
200
[]
no new likes found
I'm working...
2020-11-25T13:13:24.660784+00:00
200
[]
no new likes found
I'm working...
2020-11-25T13:13:29.768540+00:00
200
[]
no new likes found
I'm working...
2020-11-25T13:13:34.885990+00:00
200
[]
no new likes found
I'm working...
2020-11-25T13:13:40.061333+00:00
200
[]
no new likes found
I'm working...
2020-11-25T13:13:45.168324+00:00
200
[]
no new likes found
I'm working...
2020-11-25T13:13:52.347689Z
200
[]
no new likes found
I'm working...
2020-11-25T13:13:57.363597Z
200
[]
no new likes found
I'm working...
2020-11-25T13:14:02.500625Z
200
[]
no new likes found
I'm working...
2020-11-25T13:14:07.660471Z
200
[]
no new likes found
I'm working...
2020-11-25T13:14:12.794820Z
200
[]
no new likes found
I'm working...
2020-11-25T13:14:17.902675Z
200
[]
no new likes found
I'm working...
2020-11-25T13:14:22.995521Z
200
[]
no new likes found
I'm working...
2020-11-25T13:14:28.105092Z
200
[]
no new likes found
I'm working...
2020-11-25T13:14:33.253437Z
200
[]
no new likes found
I'm working...
2020-11-25T13:14:38.368023Z
200
[]
no new likes found
I'm working...
2020-11-25T13:14:43.741972Z
200
[]
no new likes found
I'm working...
2020-11-25T13:14:48.857260Z
200
[]
no new likes found
I'm working...
2020-11-25T13:14:53.966280Z
200
[]
no new likes found
I'm working...
2020-11-25T13:14:59.117242Z
200
[]
no new likes found
I'm working...
2020-11-25T13:15:04.228308Z
200
[]
no new likes found
I'm working...
2020-11-25T13:15:09.349250Z
200
[]
no new likes found
I'm working...
2020-11-25T13:15:14.470261Z
200
[]
no new likes found
I'm working...
2020-11-25T13:15:19.573594Z
200
[]
no new likes found
I'm working...
2020-11-25T13:15:24.689024Z
200
[]
no new likes found
I'm working...
2020-11-25T13:15:29.884269Z
200
[]
no new likes found
I'm working...
2020-11-25T13:15:35.042797Z
200
[]
no new likes found
I'm working...
2020-11-25T13:15:42.3017Z
200
[]
no new likes found
I'm working...
2020-11-25T13:15:47.3160Z
200
[]
no new likes found
I'm working...
2020-11-25T13:15:52.4603Z
200
[]
no new likes found
I'm working...
2020-11-25T13:15:58.1651Z
200
[]
no new likes found
I'm working...
2020-11-25T13:16:03.2790Z
200
[]
no new likes found
I'm working...
2020-11-25T13:16:08.3827Z
200
[]
no new likes found
I'm working...
2020-11-25T13:16:13.8932Z
200
[]
no new likes found
I'm working...
2020-11-25T13:16:19.0045Z
200
[]
no new likes found
I'm working...
2020-11-25T13:16:24.1329Z
200
[]
no new likes found
I'm working...
2020-11-25T13:16:29.3534Z
200
[]
no new likes found
I'm working...
2020-11-25T13:16:34.4721Z
200
[]
no new likes found
I'm working...
2020-11-25T13:16:39.5734Z
200
[]
no new likes found
I'm working...
2020-11-25T13:16:45.0261Z
200
[]
no new likes found
I'm working...
2020-11-25T13:16:50.1492Z
200
[]
no new likes found
I'm working...
2020-11-25T13:16:55.2817Z
200
[]
no new likes found
I'm working...
2020-11-25T13:17:01.0044Z
200
[]
no new likes found
I'm working...
2020-11-25T13:17:06.1146Z
200
[]
no new likes found
I'm working...
2020-11-25T13:17:11.4557Z
200
[]
no new likes found
I'm working...
2020-11-25T13:17:16.6678Z
200
[]
no new likes found
I'm working...
2020-11-25T13:17:21.7714Z
200
[]
no new likes found
I'm working...
2020-11-25T13:17:26.8958Z
200
[]
no new likes found
I'm working...
2020-11-25T13:17:31.9928Z
200
[]
no new likes found
I'm working...
2020-11-25T13:17:37.0971Z
200
[]
no new likes found
I'm working...
2020-11-25T13:17:42.2189Z
200
[]
no new likes found
I'm working...
2020-11-25T13:17:47.3230Z
200
[]
no new likes found
I'm working...
2020-11-25T13:17:52.4557Z
200
[]
no new likes found
I'm working...
2020-11-25T13:17:57.5809Z
200
[]
no new likes found
I'm working...
2020-11-25T13:18:02.6761Z
200
[]
no new likes found
I'm working...
2020-11-25T13:18:07.7972Z
200
[]
no new likes found
I'm working...
2020-11-25T13:18:12.9945Z
200
[]
no new likes found
I'm working...
2020-11-25T13:18:18.1087Z
200
[]
no new likes found
I'm working...
2020-11-25T13:18:23.4240Z
200
[]
no new likes found
I'm working...
2020-11-25T13:18:28.5820Z
200
[]
no new likes found
I'm working...
2020-11-25T13:18:33.6910Z
200
[]
no new likes found
I'm working...
2020-11-25T13:18:38.8574Z
200
[]
no new likes found
I'm working...
2020-11-25T13:18:43.9709Z
200
[]
no new likes found
I'm working...
200
[]
no new likes found
I'm working...
200
[]
no new likes found
I'm working...
200
[]
no new likes found
I'm working...
200
[]
no new likes found
I'm working...
200
[]
no new likes found
I'm working...
200
[]
no new likes found
I'm working...
2020-11-25T13:19:29.2879Z tjark.smalla@gmx.de
200
[]
no new likes found
I'm working...
2020-11-25T13:19:34.2994Z tjark.smalla@gmx.de
200
[]
no new likes found
I'm working...
2020-11-25T13:19:39.4468Z tjark.smalla@gmx.de
200
[]
no new likes found
I'm working...
2020-11-25T13:19:44.5659Z tjark.smalla@gmx.de
200
[{'from_l': 15, 'timestamp': '2020-11-25T13:19:48.983Z', 'project': 'git@gitlab.com:codelike/cli.git', 'user': 'tjark.smalla@gmx.de', 'email': 'tjark.smalla@gmx.de', 'to_l': 16, 'author': 'Tjark Smalla'}]
no new likes found
I'm working...
2020-11-25T13:19:49.6722Z tjark.smalla@gmx.de
200
[]
no new likes found
I'm working...
2020-11-25T13:19:54.7792Z tjark.smalla@gmx.de
200
[]
no new likes found
I'm working...
2020-11-25T13:20:00.4400Z tjark.smalla@gmx.de
200
[]
no new likes found
I'm working...
2020-11-25T13:20:05.5520Z tjark.smalla@gmx.de
200
[]
no new likes found
I'm working...
2020-11-25T13:20:11.2765Z tjark.smalla@gmx.de
200
[]
no new likes found
I'm working...
2020-11-25T13:20:16.5464Z tjark.smalla@gmx.de
200
[]
no new likes found
I'm working...
2020-11-25T13:20:21.7405Z tjark.smalla@gmx.de
200
[]
no new likes found
I'm working...
2020-11-25T13:20:26.8399Z tjark.smalla@gmx.de
200
[]
no new likes found
I'm working...
2020-11-25T13:20:32.0411Z tjark.smalla@gmx.de
200
[]
no new likes found
I'm working...
2020-11-25T13:20:37.1457Z tjark.smalla@gmx.de
200
[]
no new likes found
I'm working...
2020-11-25T13:20:42.2572Z tjark.smalla@gmx.de
200
[]
no new likes found
I'm working...
2020-11-25T13:20:47.3611Z tjark.smalla@gmx.de
200
[]
no new likes found
I'm working...
2020-11-25T13:20:52.4820Z tjark.smalla@gmx.de
200
[]
no new likes found
I'm working...
2020-11-25T13:20:57.6137Z tjark.smalla@gmx.de
200
[]
no new likes found
I'm working...
2020-11-25T13:21:02.7637Z tjark.smalla@gmx.de
200
[]
no new likes found
I'm working...
2020-11-25T13:21:07.9249Z tjark.smalla@gmx.de
200
[]
no new likes found
I'm working...
2020-11-25T13:21:13.0372Z tjark.smalla@gmx.de
200
[]
no new likes found
I'm working...
2020-11-25T13:21:18.1570Z tjark.smalla@gmx.de
200
[]
no new likes found
I'm working...
2020-11-25T13:21:23.2584Z tjark.smalla@gmx.de
200
[]
no new likes found
I'm working...
2020-11-25T13:21:28.3744Z tjark.smalla@gmx.de
200
[]
no new likes found
I'm working...
2020-11-25T13:21:33.4790Z tjark.smalla@gmx.de
200
[]
no new likes found
I'm working...
2020-11-25T13:21:38.6322Z tjark.smalla@gmx.de
200
[]
no new likes found
I'm working...
2020-11-25T13:21:43.9628Z tjark.smalla@gmx.de
200
[]
no new likes found
I'm working...
2020-11-25T13:21:49.0794Z tjark.smalla@gmx.de
200
[]
no new likes found
I'm working...
2020-11-25T13:21:54.2029Z tjark.smalla@gmx.de
200
[]
no new likes found
I'm working...
2020-11-25T13:21:59.3298Z tjark.smalla@gmx.de
200
[]
no new likes found
I'm working...
2020-11-25T13:22:04.4259Z tjark.smalla@gmx.de
200
[]
no new likes found
I'm working...
2020-11-25T13:22:10.1186Z tjark.smalla@gmx.de
200
[]
no new likes found
I'm working...
2020-11-25T13:22:15.3454Z tjark.smalla@gmx.de
200
[]
no new likes found
I'm working...
2020-11-25T13:22:20.4567Z tjark.smalla@gmx.de
200
[]
no new likes found
I'm working...
2020-11-25T13:22:25.5518Z tjark.smalla@gmx.de
200
[]
no new likes found
I'm working...
2020-11-25T13:22:30.6674Z tjark.smalla@gmx.de
200
[]
no new likes found
I'm working...
2020-11-25T13:22:35.7717Z tjark.smalla@gmx.de
200
[]
no new likes found
I'm working...
2020-11-25T13:22:40.8896Z tjark.smalla@gmx.de
200
[]
no new likes found
I'm working...
2020-11-25T13:22:46.0146Z tjark.smalla@gmx.de
200
[]
no new likes found
I'm working...
2020-11-25T13:22:51.2945Z tjark.smalla@gmx.de
200
[]
no new likes found
I'm working...
2020-11-25T13:22:56.4052Z tjark.smalla@gmx.de
200
[]
no new likes found
I'm working...
2020-11-25T13:23:01.5030Z tjark.smalla@gmx.de
200
[]
no new likes found
I'm working...
2020-11-25T13:23:06.6152Z tjark.smalla@gmx.de
200
[]
no new likes found
I'm working...
2020-11-25T13:23:11.7249Z tjark.smalla@gmx.de
200
[]
no new likes found
I'm working...
2020-11-25T13:23:16.8321Z tjark.smalla@gmx.de
200
[]
no new likes found
I'm working...
2020-11-25T13:23:21.9568Z tjark.smalla@gmx.de
200
[]
no new likes found
I'm working...
2020-11-25T13:23:27.0834Z tjark.smalla@gmx.de
200
[]
no new likes found
I'm working...
2020-11-25T13:23:32.1946Z tjark.smalla@gmx.de
200
[]
no new likes found
I'm working...
2020-11-25T13:23:37.2948Z tjark.smalla@gmx.de
200
[]
no new likes found
I'm working...
2020-11-25T13:23:42.4037Z tjark.smalla@gmx.de
200
[]
no new likes found
I'm working...
2020-11-25T13:23:47.5170Z tjark.smalla@gmx.de
200
[]
no new likes found
I'm working...
2020-11-25T13:23:52.6967Z tjark.smalla@gmx.de
200
[]
no new likes found
I'm working...
2020-11-25T13:23:57.7900Z tjark.smalla@gmx.de
200
[]
no new likes found
I'm working...
2020-11-25T13:24:02.8968Z tjark.smalla@gmx.de
200
[]
no new likes found
I'm working...
2020-11-25T13:24:07.9984Z tjark.smalla@gmx.de
200
[]
no new likes found
I'm working...
2020-11-25T13:24:13.5627Z tjark.smalla@gmx.de
200
[]
no new likes found
I'm working...
2020-11-25T13:24:18.5781Z tjark.smalla@gmx.de
200
[{'from_l': 15, 'timestamp': '2020-11-25T13:24:20.159Z', 'project': 'git@gitlab.com:codelike/cli.git', 'user': 'tjark.smalla@gmx.de', 'email': 'tjark.smalla@gmx.de', 'to_l': 16, 'author': 'Tjark Smalla'}]
no new likes found
I'm working...
2020-11-25T13:24:23.7656Z tjark.smalla@gmx.de
200
[]
no new likes found
I'm working...
2020-11-25T13:24:28.9368Z tjark.smalla@gmx.de
200
[]
no new likes found
I'm working...
2020-11-25T13:24:34.0490Z tjark.smalla@gmx.de
200
[]
no new likes found
I'm working...
2020-11-25T13:24:39.1491Z tjark.smalla@gmx.de
200
[]
no new likes found
I'm working...
2020-11-25T13:24:44.7234Z tjark.smalla@gmx.de
200
[]
no new likes found
I'm working...
2020-11-25T13:24:49.8313Z tjark.smalla@gmx.de
200
[{'from_l': 15, 'timestamp': '2020-11-25T13:24:53.066Z', 'project': 'git@gitlab.com:codelike/cli.git', 'user': 'tjark.smalla@gmx.de', 'email': 'tjark.smalla@gmx.de', 'to_l': 16, 'author': 'Tjark Smalla'}]
no new likes found
I'm working...
2020-11-25T13:24:54.9380Z tjark.smalla@gmx.de
200
[]
no new likes found
I'm working...
2020-11-25T13:25:00.0351Z tjark.smalla@gmx.de
200
[]
no new likes found
I'm working...
2020-11-25T13:25:05.1324Z tjark.smalla@gmx.de
200
[]
no new likes found
I'm working...
2020-11-25T13:25:10.2653Z tjark.smalla@gmx.de
200
[]
no new likes found
I'm working...
2020-11-25T13:25:15.3693Z tjark.smalla@gmx.de
200
[]
no new likes found
I'm working...
2020-11-25T13:25:20.5477Z tjark.smalla@gmx.de
200
[]
no new likes found
I'm working...
2020-11-25T13:25:25.6527Z tjark.smalla@gmx.de
200
[]
no new likes found
I'm working...
2020-11-25T13:25:31.3814Z tjark.smalla@gmx.de
200
[]
no new likes found
I'm working...
2020-11-25T13:25:36.5072Z tjark.smalla@gmx.de
200
[]
no new likes found
I'm working...
2020-11-25T13:25:41.6226Z tjark.smalla@gmx.de
200
[]
no new likes found
I'm working...
2020-11-25T13:25:46.7285Z tjark.smalla@gmx.de
200
[]
no new likes found
I'm working...
2020-11-25T13:25:51.8236Z tjark.smalla@gmx.de
200
[]
no new likes found
I'm working...
2020-11-25T13:25:57.1278Z tjark.smalla@gmx.de
200
[]
no new likes found
I'm working...
2020-11-25T13:26:02.7962Z tjark.smalla@gmx.de
200
[]
no new likes found
I'm working...
2020-11-25T13:26:07.9230Z tjark.smalla@gmx.de
200
[]
no new likes found
I'm working...
2020-11-25T13:26:13.0358Z tjark.smalla@gmx.de
200
[]
no new likes found
I'm working...
2020-11-25T13:26:18.2838Z tjark.smalla@gmx.de
200
[]
no new likes found
I'm working...
2020-11-25T13:26:23.4494Z tjark.smalla@gmx.de
200
[]
no new likes found
I'm working...
2020-11-25T13:26:28.7414Z tjark.smalla@gmx.de
200
[]
no new likes found
I'm working...
2020-11-25T13:26:33.8433Z tjark.smalla@gmx.de
200
[]
no new likes found
I'm working...
2020-11-25T13:26:38.9538Z tjark.smalla@gmx.de
200
[]
no new likes found
I'm working...
2020-11-25T13:26:44.1039Z tjark.smalla@gmx.de
200
[]
no new likes found
I'm working...
2020-11-25T13:26:49.2499Z tjark.smalla@gmx.de
200
[]
no new likes found
I'm working...
2020-11-25T13:26:54.3605Z tjark.smalla@gmx.de
200
[]
no new likes found
I'm working...
2020-11-25T13:26:59.5126Z tjark.smalla@gmx.de
200
[]
no new likes found
I'm working...
2020-11-25T13:27:04.6241Z tjark.smalla@gmx.de
200
[]
no new likes found
I'm working...
2020-11-25T13:27:09.7672Z tjark.smalla@gmx.de
200
[]
no new likes found
I'm working...
2020-11-25T13:27:14.8873Z tjark.smalla@gmx.de
200
[]
no new likes found
I'm working...
2020-11-25T13:27:20.0166Z tjark.smalla@gmx.de
200
[]
no new likes found
I'm working...
2020-11-25T13:27:25.2251Z tjark.smalla@gmx.de
200
[]
no new likes found
I'm working...
2020-11-25T13:27:30.3286Z tjark.smalla@gmx.de
200
[]
no new likes found
I'm working...
2020-11-25T13:27:35.4739Z tjark.smalla@gmx.de
200
[]
no new likes found
I'm working...
2020-11-25T13:27:40.5976Z tjark.smalla@gmx.de
200
[]
no new likes found
I'm working...
2020-11-25T13:27:45.7118Z tjark.smalla@gmx.de
200
[]
no new likes found
I'm working...
2020-11-25T13:27:50.8172Z tjark.smalla@gmx.de
200
[]
no new likes found
I'm working...
2020-11-25T13:27:55.9263Z tjark.smalla@gmx.de
200
[]
no new likes found
I'm working...
2020-11-25T13:28:01.1062Z tjark.smalla@gmx.de
200
[]
no new likes found
I'm working...
2020-11-25T13:28:06.2521Z tjark.smalla@gmx.de
200
[]
no new likes found
I'm working...
2020-11-25T13:28:11.3592Z tjark.smalla@gmx.de
200
[]
no new likes found
I'm working...
2020-11-25T13:28:16.4732Z tjark.smalla@gmx.de
200
[]
no new likes found
I'm working...
2020-11-25T13:28:21.6140Z tjark.smalla@gmx.de
200
[]
no new likes found
I'm working...
2020-11-25T13:28:26.7073Z tjark.smalla@gmx.de
200
[]
no new likes found
I'm working...
2020-11-25T13:28:31.8192Z tjark.smalla@gmx.de
200
[]
no new likes found
I'm working...
2020-11-25T13:28:37.2035Z tjark.smalla@gmx.de
200
[]
no new likes found
I'm working...
2020-11-25T13:28:42.3299Z tjark.smalla@gmx.de
200
[]
no new likes found
I'm working...
2020-11-25T13:28:47.5386Z tjark.smalla@gmx.de
200
[]
no new likes found
I'm working...
2020-11-25T13:28:52.6602Z tjark.smalla@gmx.de
200
[]
no new likes found
I'm working...
2020-11-25T13:28:57.7721Z tjark.smalla@gmx.de
200
[]
no new likes found
I'm working...
2020-11-25T13:29:02.8776Z tjark.smalla@gmx.de
200
[]
no new likes found
I'm working...
2020-11-25T13:29:08.1362Z tjark.smalla@gmx.de
200
[]
no new likes found
I'm working...
2020-11-25T13:29:13.2513Z tjark.smalla@gmx.de
200
[]
no new likes found
I'm working...
2020-11-25T13:29:19.1315Z tjark.smalla@gmx.de
200
[{'from_l': 15, 'timestamp': '2020-11-25T13:29:22.845Z', 'project': 'git@gitlab.com:codelike/cli.git', 'user': 'tjark.smalla@gmx.de', 'email': 'tjark.smalla@gmx.de', 'to_l': 16, 'author': 'Tjark Smalla'}]
no new likes found
I'm working...
2020-11-25T13:29:24.1461Z tjark.smalla@gmx.de
200
[]
no new likes found
I'm working...
2020-11-25T13:29:29.2469Z tjark.smalla@gmx.de
200
[]
no new likes found
I'm working...
2020-11-25T13:29:34.3437Z tjark.smalla@gmx.de
200
[]
no new likes found
I'm working...
2020-11-25T13:29:39.4734Z tjark.smalla@gmx.de
200
[]
no new likes found
I'm working...
2020-11-25T13:29:44.5629Z tjark.smalla@gmx.de
200
[]
no new likes found
I'm working...
2020-11-25T13:29:49.6800Z tjark.smalla@gmx.de
200
[]
no new likes found
I'm working...
2020-11-25T13:29:54.7890Z tjark.smalla@gmx.de
200
[]
no new likes found
I'm working...
2020-11-25T13:29:59.8972Z tjark.smalla@gmx.de
200
[]
no new likes found
I'm working...
2020-11-25T13:30:04.9978Z tjark.smalla@gmx.de
200
[]
no new likes found
I'm working...
2020-11-25T13:30:10.0987Z tjark.smalla@gmx.de
200
[]
no new likes found
I'm working...
2020-11-25T13:30:15.2188Z tjark.smalla@gmx.de
200
[]
no new likes found
I'm working...
2020-11-25T13:30:20.3485Z tjark.smalla@gmx.de
200
[]
no new likes found
I'm working...
2020-11-25T13:30:25.4375Z tjark.smalla@gmx.de
200
[]
no new likes found
I'm working...
2020-11-25T13:30:37.8318Z tjark.smalla@gmx.de
200
[{'from_l': 15, 'timestamp': '2020-11-25T13:30:41.391Z', 'project': 'git@gitlab.com:codelike/cli.git', 'user': 'tjark.smalla@gmx.de', 'email': 'tjark.smalla@gmx.de', 'to_l': 16, 'author': 'Tjark Smalla'}]
no new likes found
I'm working...
2020-11-25T13:30:42.8565Z tjark.smalla@gmx.de
200
[]
no new likes found
I'm working...
2020-11-25T13:30:47.9724Z tjark.smalla@gmx.de
200
[]
no new likes found
I'm working...
2020-11-25T13:30:53.0887Z tjark.smalla@gmx.de
200
[]
no new likes found
I'm working...
2020-11-25T13:30:58.1885Z tjark.smalla@gmx.de
200
[]
no new likes found
I'm working...
2020-11-25T13:31:04.6091Z tjark.smalla@gmx.de
200
[]
no new likes found
I'm working...
2020-11-25T13:31:09.6245Z tjark.smalla@gmx.de
200
[{'from_l': 15, 'timestamp': '2020-11-25T13:31:11.065Z', 'project': 'git@gitlab.com:codelike/cli.git', 'user': 'tjark.smalla@gmx.de', 'email': 'tjark.smalla@gmx.de', 'to_l': 16, 'author': 'Tjark Smalla'}]
new likes found!!!
sequence item 0: expected str instance, dict found
Traceback (most recent call last):
  File "/Users/tts/workspace/codelike/cli/venv/lib/python3.8/site-packages/service/__init__.py", line 495, in runner
    self.run()
  File "codelike_service.py", line 60, in run
    notify(str.join('\n', likes))
TypeError: sequence item 0: expected str instance, dict found
I'm working...
2020-11-25T13:34:28.2912Z tjark.smalla@gmx.de
200
[{'from_l': 15, 'timestamp': '2020-11-25T13:34:30.769Z', 'project': 'git@gitlab.com:codelike/cli.git', 'user': 'tjark.smalla@gmx.de', 'email': 'tjark.smalla@gmx.de', 'to_l': 16, 'author': 'Tjark Smalla'}]
new likes found!!!
unsupported operand type(s) for +: 'int' and 'str'
Traceback (most recent call last):
  File "/Users/tts/workspace/codelike/cli/venv/lib/python3.8/site-packages/service/__init__.py", line 495, in runner
    self.run()
  File "codelike_service.py", line 59, in run
    notify(likes)
  File "codelike_service.py", line 20, in notify
    msg = str.join('\n', [l['from_l'] + '-' + l['to_l'] for l in likes])
  File "codelike_service.py", line 20, in <listcomp>
    msg = str.join('\n', [l['from_l'] + '-' + l['to_l'] for l in likes])
TypeError: unsupported operand type(s) for +: 'int' and 'str'
I'm working...
2020-11-25T13:34:55.7565Z tjark.smalla@gmx.de
200
[{'from_l': 15, 'timestamp': '2020-11-25T13:34:58.161Z', 'project': 'git@gitlab.com:codelike/cli.git', 'user': 'tjark.smalla@gmx.de', 'email': 'tjark.smalla@gmx.de', 'to_l': 16, 'author': 'Tjark Smalla'}]
new likes found!!!
I'm working...
2020-11-25T13:35:00.7728Z tjark.smalla@gmx.de
200
[]
no new likes found
I'm working...
2020-11-25T13:35:06.0692Z tjark.smalla@gmx.de
200
[]
no new likes found
I'm working...
2020-11-25T13:35:11.1691Z tjark.smalla@gmx.de
200
[]
no new likes found
I'm working...
2020-11-25T13:35:16.2709Z tjark.smalla@gmx.de
200
[]
no new likes found
I'm working...
2020-11-25T13:35:21.3738Z tjark.smalla@gmx.de
200
[]
no new likes found
I'm working...
2020-11-25T13:35:26.4806Z tjark.smalla@gmx.de
200
[]
no new likes found
I'm working...
2020-11-25T13:35:31.5865Z tjark.smalla@gmx.de
200
[]
no new likes found
I'm working...
2020-11-25T13:35:36.6887Z tjark.smalla@gmx.de
200
[]
no new likes found
I'm working...
2020-11-25T13:35:41.7988Z tjark.smalla@gmx.de
200
[]
no new likes found
I'm working...
2020-11-25T13:35:46.9104Z tjark.smalla@gmx.de
200
[]
no new likes found
I'm working...
2020-11-25T13:35:52.0144Z tjark.smalla@gmx.de
200
[]
no new likes found
I'm working...
2020-11-25T13:35:57.1275Z tjark.smalla@gmx.de
200
[]
no new likes found
I'm working...
2020-11-25T13:36:02.2601Z tjark.smalla@gmx.de
200
[]
no new likes found
I'm working...
2020-11-25T13:36:07.4208Z tjark.smalla@gmx.de
200
[]
no new likes found
I'm working...
2020-11-25T13:36:12.5522Z tjark.smalla@gmx.de
200
[]
no new likes found
I'm working...
2020-11-25T13:36:17.6588Z tjark.smalla@gmx.de
200
[]
no new likes found
I'm working...
2020-11-25T13:36:22.7830Z tjark.smalla@gmx.de
200
[]
no new likes found
I'm working...
2020-11-25T13:36:27.8909Z tjark.smalla@gmx.de
200
[]
no new likes found
I'm working...
2020-11-25T13:36:33.0052Z tjark.smalla@gmx.de
200
[]
no new likes found
I'm working...
2020-11-25T13:36:38.1058Z tjark.smalla@gmx.de
200
[]
no new likes found
I'm working...
2020-11-25T13:36:43.2065Z tjark.smalla@gmx.de
200
[]
no new likes found
I'm working...
2020-11-25T13:36:48.3073Z tjark.smalla@gmx.de
200
[]
no new likes found
I'm working...
2020-11-25T13:36:53.4087Z tjark.smalla@gmx.de
200
[]
no new likes found
I'm working...
2020-11-25T13:36:58.5445Z tjark.smalla@gmx.de
200
[]
no new likes found
I'm working...
2020-11-25T13:37:03.6520Z tjark.smalla@gmx.de
200
[]
no new likes found
I'm working...
2020-11-25T13:37:08.7601Z tjark.smalla@gmx.de
200
[]
no new likes found
I'm working...
2020-11-25T13:37:13.8568Z tjark.smalla@gmx.de
200
[]
no new likes found
I'm working...
2020-11-25T13:37:18.9676Z tjark.smalla@gmx.de
200
[]
no new likes found
I'm working...
2020-11-25T13:37:24.0651Z tjark.smalla@gmx.de
200
[]
no new likes found
I'm working...
2020-11-25T13:37:29.1515Z tjark.smalla@gmx.de
200
[]
no new likes found
I'm working...
2020-11-25T13:37:34.5151Z tjark.smalla@gmx.de
200
[]
no new likes found
I'm working...
2020-11-25T13:37:39.6342Z tjark.smalla@gmx.de
200
[]
no new likes found
I'm working...
2020-11-25T13:37:44.7466Z tjark.smalla@gmx.de
200
[]
no new likes found
I'm working...
2020-11-25T13:37:49.8479Z tjark.smalla@gmx.de
200
[]
no new likes found
I'm working...
2020-11-25T13:37:54.9724Z tjark.smalla@gmx.de
200
[]
no new likes found
I'm working...
2020-11-25T13:38:00.0841Z tjark.smalla@gmx.de
200
[]
no new likes found
I'm working...
2020-11-25T13:38:05.1881Z tjark.smalla@gmx.de
200
[]
no new likes found
I'm working...
2020-11-25T13:38:10.3122Z tjark.smalla@gmx.de
200
[]
no new likes found
I'm working...
2020-11-25T13:38:15.4186Z tjark.smalla@gmx.de
200
[]
no new likes found
I'm working...
2020-11-25T13:38:20.5319Z tjark.smalla@gmx.de
200
[]
no new likes found
I'm working...
2020-11-25T13:38:25.8503Z tjark.smalla@gmx.de
200
[]
no new likes found
I'm working...
2020-11-25T13:38:30.9570Z tjark.smalla@gmx.de
200
[]
no new likes found
I'm working...
2020-11-25T13:38:36.0636Z tjark.smalla@gmx.de
200
[]
no new likes found
I'm working...
2020-11-25T13:38:41.1934Z tjark.smalla@gmx.de
200
[]
no new likes found
I'm working...
2020-11-25T13:38:46.2922Z tjark.smalla@gmx.de
200
[]
no new likes found
I'm working...
2020-11-25T13:38:51.3874Z tjark.smalla@gmx.de
200
[]
no new likes found
I'm working...
2020-11-25T13:38:56.4924Z tjark.smalla@gmx.de
200
[]
no new likes found
I'm working...
2020-11-25T13:39:01.6051Z tjark.smalla@gmx.de
200
[]
no new likes found
I'm working...
2020-11-25T13:39:06.7061Z tjark.smalla@gmx.de
200
[]
no new likes found
I'm working...
2020-11-25T13:39:11.8070Z tjark.smalla@gmx.de
200
[]
no new likes found
I'm working...
2020-11-25T13:39:16.9269Z tjark.smalla@gmx.de
200
[]
no new likes found
I'm working...
2020-11-25T13:39:22.0268Z tjark.smalla@gmx.de
200
[]
no new likes found
I'm working...
2020-11-25T13:39:27.1377Z tjark.smalla@gmx.de
200
[]
no new likes found
I'm working...
2020-11-25T13:39:32.2504Z tjark.smalla@gmx.de
200
[]
no new likes found
I'm working...
2020-11-25T13:39:37.3672Z tjark.smalla@gmx.de
200
[]
no new likes found
I'm working...
2020-11-25T13:39:42.4964Z tjark.smalla@gmx.de
200
[]
no new likes found
I'm working...
2020-11-25T13:39:47.5998Z tjark.smalla@gmx.de
200
[]
no new likes found
I'm working...
2020-11-25T13:39:52.6967Z tjark.smalla@gmx.de
200
[]
no new likes found
I'm working...
2020-11-25T13:39:57.7948Z tjark.smalla@gmx.de
200
[]
no new likes found
I'm working...
2020-11-25T13:40:02.8991Z tjark.smalla@gmx.de
200
[]
no new likes found
I'm working...
2020-11-25T13:40:08.0082Z tjark.smalla@gmx.de
200
[]
no new likes found
I'm working...
2020-11-25T13:40:13.1130Z tjark.smalla@gmx.de
200
[]
no new likes found
I'm working...
2020-11-25T13:40:18.2212Z tjark.smalla@gmx.de
200
[]
no new likes found
I'm working...
2020-11-25T13:40:23.3346Z tjark.smalla@gmx.de
200
[]
no new likes found
I'm working...
2020-11-25T13:40:28.4402Z tjark.smalla@gmx.de
200
[]
no new likes found
I'm working...
2020-11-25T13:40:33.5293Z tjark.smalla@gmx.de
200
[]
no new likes found
I'm working...
2020-11-25T13:40:38.6327Z tjark.smalla@gmx.de
200
[]
no new likes found
I'm working...
2020-11-25T13:40:43.7517Z tjark.smalla@gmx.de
200
[]
no new likes found
I'm working...
2020-11-25T13:40:48.8457Z tjark.smalla@gmx.de
200
[]
no new likes found
I'm working...
2020-11-25T13:40:53.9522Z tjark.smalla@gmx.de
200
[]
no new likes found
I'm working...
2020-11-25T13:40:59.0492Z tjark.smalla@gmx.de
200
[]
no new likes found
I'm working...
2020-11-25T13:41:04.1404Z tjark.smalla@gmx.de
200
[]
no new likes found
I'm working...
2020-11-25T13:41:09.2463Z tjark.smalla@gmx.de
200
[]
no new likes found
I'm working...
2020-11-25T13:41:14.3491Z tjark.smalla@gmx.de
200
[]
no new likes found
I'm working...
2020-11-25T13:41:19.4488Z tjark.smalla@gmx.de
200
[]
no new likes found
I'm working...
2020-11-25T13:41:24.5515Z tjark.smalla@gmx.de
200
[]
no new likes found
I'm working...
2020-11-25T13:41:29.6490Z tjark.smalla@gmx.de
200
[]
no new likes found
I'm working...
2020-11-25T13:41:34.7604Z tjark.smalla@gmx.de
200
[]
no new likes found
I'm working...
2020-11-25T13:41:39.8684Z tjark.smalla@gmx.de
200
[]
no new likes found
I'm working...
2020-11-25T13:41:44.9818Z tjark.smalla@gmx.de
200
[]
no new likes found
I'm working...
2020-11-25T13:41:50.0823Z tjark.smalla@gmx.de
200
[]
no new likes found
I'm working...
2020-11-25T13:41:55.1813Z tjark.smalla@gmx.de
200
[]
no new likes found
I'm working...
2020-11-25T13:42:00.2828Z tjark.smalla@gmx.de
200
[]
no new likes found
I'm working...
2020-11-25T13:42:05.7937Z tjark.smalla@gmx.de
200
[{'from_l': 15, 'timestamp': '2020-11-25T13:42:08.997Z', 'by': 'tester', 'project': 'git@gitlab.com:codelike/cli.git', 'user': 'tjark.smalla@gmx.de', 'email': 'tjark.smalla@gmx.de', 'to_l': 16, 'author': 'Tjark Smalla'}]
new likes found!!!
list indices must be integers or slices, not str
Traceback (most recent call last):
  File "/Users/tts/workspace/codelike/cli/venv/lib/python3.8/site-packages/service/__init__.py", line 495, in runner
    self.run()
  File "codelike_service.py", line 79, in run
    notify(likes)
  File "codelike_service.py", line 22, in notify
    lines = str(like['from_l']) + '-' + str(like['to_l'])
TypeError: list indices must be integers or slices, not str
I'm working...
2020-11-25T13:42:45.0855Z tjark.smalla@gmx.de
200
[{'from_l': 15, 'timestamp': '2020-11-25T13:42:47.985Z', 'by': 'tester', 'project': 'git@gitlab.com:codelike/cli.git', 'user': 'tjark.smalla@gmx.de', 'email': 'tjark.smalla@gmx.de', 'to_l': 16, 'author': 'Tjark Smalla'}]
new likes found!!!
'dict' object has no attribute 'project'
Traceback (most recent call last):
  File "/Users/tts/workspace/codelike/cli/venv/lib/python3.8/site-packages/service/__init__.py", line 495, in runner
    self.run()
  File "codelike_service.py", line 80, in run
    notify(like)
  File "codelike_service.py", line 23, in notify
    project = like.project.split('/')[1]
AttributeError: 'dict' object has no attribute 'project'
I'm working...
2020-11-25T13:43:20.1848Z tjark.smalla@gmx.de
200
[{'from_l': 15, 'timestamp': '2020-11-25T13:43:23.669Z', 'by': 'tester', 'project': 'git@gitlab.com:codelike/cli.git', 'user': 'tjark.smalla@gmx.de', 'email': 'tjark.smalla@gmx.de', 'to_l': 16, 'author': 'Tjark Smalla'}]
new likes found!!!
I'm working...
2020-11-25T13:43:25.1982Z tjark.smalla@gmx.de
200
[]
no new likes found
I'm working...
2020-11-25T13:43:30.4908Z tjark.smalla@gmx.de
200
[]
no new likes found
I'm working...
2020-11-25T13:43:35.6059Z tjark.smalla@gmx.de
200
[{'from_l': 15, 'timestamp': '2020-11-25T13:43:38.371Z', 'by': 'tester', 'project': 'git@gitlab.com:codelike/cli.git', 'user': 'tjark.smalla@gmx.de', 'email': 'tjark.smalla@gmx.de', 'to_l': 16, 'author': 'Tjark Smalla'}]
new likes found!!!
I'm working...
2020-11-25T13:43:40.7134Z tjark.smalla@gmx.de
200
[]
no new likes found
I'm working...
2020-11-25T13:43:45.9720Z tjark.smalla@gmx.de
200
[]
no new likes found
I'm working...
2020-11-25T13:43:51.0795Z tjark.smalla@gmx.de
200
[]
no new likes found
I'm working...
2020-11-25T13:43:56.1849Z tjark.smalla@gmx.de
200
[]
no new likes found
I'm working...
2020-11-25T13:44:01.3056Z tjark.smalla@gmx.de
200
[]
no new likes found
I'm working...
2020-11-25T13:44:06.4198Z tjark.smalla@gmx.de
200
[]
no new likes found
I'm working...
2020-11-25T13:44:11.5130Z tjark.smalla@gmx.de
200
[]
no new likes found
I'm working...
2020-11-25T13:44:16.6095Z tjark.smalla@gmx.de
200
[]
no new likes found
I'm working...
2020-11-25T13:44:21.7186Z tjark.smalla@gmx.de
200
[]
no new likes found
I'm working...
2020-11-25T13:44:26.8132Z tjark.smalla@gmx.de
200
[]
no new likes found
I'm working...
2020-11-25T13:44:31.9472Z tjark.smalla@gmx.de
200
[]
no new likes found
I'm working...
2020-11-25T13:44:37.0550Z tjark.smalla@gmx.de
200
[]
no new likes found
I'm working...
2020-11-25T13:44:42.1546Z tjark.smalla@gmx.de
200
[]
no new likes found
I'm working...
2020-11-25T13:44:47.2639Z tjark.smalla@gmx.de
200
[]
no new likes found
I'm working...
2020-11-25T13:44:52.3794Z tjark.smalla@gmx.de
200
[]
no new likes found
I'm working...
2020-11-25T13:44:57.4896Z tjark.smalla@gmx.de
200
[]
no new likes found
I'm working...
2020-11-25T13:45:02.5917Z tjark.smalla@gmx.de
200
[]
no new likes found
I'm working...
2020-11-25T13:45:07.8814Z tjark.smalla@gmx.de
200
[]
no new likes found
I'm working...
2020-11-25T13:45:13.0028Z tjark.smalla@gmx.de
200
[]
no new likes found
I'm working...
2020-11-25T13:45:18.1694Z tjark.smalla@gmx.de
200
[]
no new likes found
I'm working...
2020-11-25T13:45:23.2678Z tjark.smalla@gmx.de
200
[]
no new likes found
I'm working...
2020-11-25T13:45:28.3597Z tjark.smalla@gmx.de
200
[]
no new likes found
I'm working...
2020-11-25T13:45:33.4720Z tjark.smalla@gmx.de
200
[]
no new likes found
I'm working...
2020-11-25T13:45:38.5736Z tjark.smalla@gmx.de
200
[]
no new likes found
I'm working...
2020-11-25T13:45:43.6747Z tjark.smalla@gmx.de
200
[]
no new likes found
I'm working...
2020-11-25T13:45:48.7896Z tjark.smalla@gmx.de
200
[]
no new likes found
I'm working...
2020-11-25T13:45:53.8955Z tjark.smalla@gmx.de
200
[]
no new likes found
I'm working...
2020-11-25T13:45:59.0212Z tjark.smalla@gmx.de
200
[]
no new likes found
I'm working...
2020-11-25T13:46:04.1500Z tjark.smalla@gmx.de
200
[]
no new likes found
I'm working...
2020-11-25T13:46:09.2545Z tjark.smalla@gmx.de
200
[]
no new likes found
I'm working...
2020-11-25T13:46:14.3552Z tjark.smalla@gmx.de
200
[]
no new likes found
I'm working...
2020-11-25T13:46:19.4624Z tjark.smalla@gmx.de
200
[]
no new likes found
I'm working...
2020-11-25T13:46:24.5784Z tjark.smalla@gmx.de
200
[]
no new likes found
I'm working...
2020-11-25T13:46:29.6918Z tjark.smalla@gmx.de
200
[]
no new likes found
I'm working...
2020-11-25T13:46:34.7888Z tjark.smalla@gmx.de
200
[]
no new likes found
I'm working...
2020-11-25T13:46:39.9016Z tjark.smalla@gmx.de
200
[]
no new likes found
I'm working...
2020-11-25T13:46:44.9950Z tjark.smalla@gmx.de
200
[]
no new likes found
I'm working...
2020-11-25T13:46:50.0950Z tjark.smalla@gmx.de
200
[]
no new likes found
I'm working...
2020-11-25T13:46:55.2023Z tjark.smalla@gmx.de
200
[]
no new likes found
I'm working...
2020-11-25T13:47:00.3172Z tjark.smalla@gmx.de
200
[]
no new likes found
I'm working...
2020-11-25T13:47:05.4187Z tjark.smalla@gmx.de
200
[]
no new likes found
I'm working...
2020-11-25T13:47:10.5176Z tjark.smalla@gmx.de
200
[]
no new likes found
I'm working...
2020-11-25T13:47:15.6399Z tjark.smalla@gmx.de
200
[]
no new likes found
I'm working...
2020-11-25T13:47:20.7399Z tjark.smalla@gmx.de
200
[]
no new likes found
I'm working...
2020-11-25T13:47:25.8487Z tjark.smalla@gmx.de
200
[]
no new likes found
I'm working...
2020-11-25T13:47:30.9455Z tjark.smalla@gmx.de
200
[]
no new likes found
I'm working...
2020-11-25T13:47:36.0491Z tjark.smalla@gmx.de
200
[]
no new likes found
I'm working...
2020-11-25T13:47:41.1530Z tjark.smalla@gmx.de
200
[]
no new likes found
I'm working...
2020-11-25T13:47:46.2445Z tjark.smalla@gmx.de
200
[]
no new likes found
I'm working...
2020-11-25T13:47:51.3523Z tjark.smalla@gmx.de
200
[]
no new likes found
I'm working...
2020-11-25T13:47:56.4601Z tjark.smalla@gmx.de
200
[]
no new likes found
I'm working...
2020-11-25T13:48:01.5623Z tjark.smalla@gmx.de
200
[]
no new likes found
I'm working...
2020-11-25T13:48:06.6772Z tjark.smalla@gmx.de
200
[]
no new likes found
I'm working...
2020-11-25T13:48:11.7771Z tjark.smalla@gmx.de
200
[]
no new likes found
I'm working...
2020-11-25T13:48:16.8750Z tjark.smalla@gmx.de
200
[]
no new likes found
I'm working...
2020-11-25T13:48:22.1118Z tjark.smalla@gmx.de
200
[]
no new likes found
I'm working...
2020-11-25T13:48:27.3470Z tjark.smalla@gmx.de
200
[]
no new likes found
I'm working...
2020-11-25T13:48:32.4556Z tjark.smalla@gmx.de
200
[]
no new likes found
I'm working...
2020-11-25T13:48:37.5773Z tjark.smalla@gmx.de
200
[]
no new likes found
I'm working...
2020-11-25T13:48:42.6771Z tjark.smalla@gmx.de
200
[]
no new likes found
I'm working...
2020-11-25T13:48:47.7795Z tjark.smalla@gmx.de
200
[]
no new likes found
I'm working...
2020-11-25T13:48:52.8819Z tjark.smalla@gmx.de
200
[]
no new likes found
I'm working...
2020-11-25T13:48:57.9871Z tjark.smalla@gmx.de
200
[]
no new likes found
I'm working...
2020-11-25T13:49:03.3382Z tjark.smalla@gmx.de
200
[]
no new likes found
I'm working...
2020-11-25T13:49:08.4550Z tjark.smalla@gmx.de
200
[]
no new likes found
I'm working...
2020-11-25T13:49:13.5541Z tjark.smalla@gmx.de
200
[]
no new likes found
I'm working...
2020-11-25T13:49:18.6822Z tjark.smalla@gmx.de
200
[]
no new likes found
I'm working...
2020-11-25T13:49:23.7937Z tjark.smalla@gmx.de
200
[]
no new likes found
I'm working...
2020-11-25T13:49:28.8992Z tjark.smalla@gmx.de
200
[]
no new likes found
I'm working...
2020-11-25T13:49:33.9972Z tjark.smalla@gmx.de
200
[]
no new likes found
I'm working...
2020-11-25T13:49:39.1097Z tjark.smalla@gmx.de
200
[]
no new likes found
I'm working...
2020-11-25T13:49:44.2064Z tjark.smalla@gmx.de
200
[]
no new likes found
I'm working...
2020-11-25T13:49:49.3898Z tjark.smalla@gmx.de
200
[]
no new likes found
I'm working...
2020-11-25T13:49:54.4834Z tjark.smalla@gmx.de
200
[]
no new likes found
I'm working...
2020-11-25T13:49:59.5900Z tjark.smalla@gmx.de
200
[]
no new likes found
I'm working...
2020-11-25T13:50:04.6931Z tjark.smalla@gmx.de
200
[]
no new likes found
I'm working...
2020-11-25T13:50:09.8051Z tjark.smalla@gmx.de
200
[]
no new likes found
I'm working...
2020-11-25T13:50:14.9062Z tjark.smalla@gmx.de
200
[]
no new likes found
I'm working...
2020-11-25T13:50:20.0164Z tjark.smalla@gmx.de
200
[]
no new likes found
I'm working...
2020-11-25T13:50:25.1250Z tjark.smalla@gmx.de
200
[]
no new likes found
I'm working...
2020-11-25T13:50:30.2102Z tjark.smalla@gmx.de
200
[]
no new likes found
I'm working...
2020-11-25T13:50:35.3103Z tjark.smalla@gmx.de
200
[]
no new likes found
I'm working...
2020-11-25T13:50:40.4168Z tjark.smalla@gmx.de
200
[]
no new likes found
I'm working...
2020-11-25T13:50:45.5258Z tjark.smalla@gmx.de
200
[]
no new likes found
I'm working...
2020-11-25T13:50:50.6313Z tjark.smalla@gmx.de
200
[]
no new likes found
I'm working...
2020-11-25T13:50:55.7333Z tjark.smalla@gmx.de
200
[]
no new likes found
I'm working...
2020-11-25T13:51:00.8423Z tjark.smalla@gmx.de
200
[]
no new likes found
I'm working...
2020-11-25T13:51:05.9434Z tjark.smalla@gmx.de
200
[]
no new likes found
I'm working...
2020-11-25T13:51:11.0627Z tjark.smalla@gmx.de
200
[]
no new likes found
I'm working...
2020-11-25T13:51:16.1617Z tjark.smalla@gmx.de
200
[]
no new likes found
I'm working...
2020-11-25T13:51:21.2528Z tjark.smalla@gmail.com
200
[]
no new likes found
I'm working...
2020-11-25T13:51:26.3477Z tjark.smalla@gmail.com
200
[]
no new likes found
I'm working...
2020-11-25T13:51:31.4575Z tjark.smalla@gmail.com
200
[]
no new likes found
I'm working...
2020-11-25T13:51:36.5862Z tjark.smalla@gmail.com
200
[]
no new likes found
I'm working...
2020-11-25T13:51:41.6826Z tjark.smalla@gmail.com
200
[]
no new likes found
I'm working...
2020-11-25T13:51:46.7816Z tjark.smalla@gmail.com
200
[]
no new likes found
I'm working...
2020-11-25T13:51:51.8969Z tjark.smalla@gmail.com
200
[]
no new likes found
I'm working...
2020-11-25T13:51:57.0008Z tjark.smalla@gmail.com
200
[]
no new likes found
I'm working...
2020-11-25T13:52:02.0842Z tjark.smalla@gmail.com
200
[]
no new likes found
I'm working...
2020-11-25T13:52:07.1967Z tjark.smalla@gmail.com
200
[]
no new likes found
I'm working...
2020-11-25T13:52:12.3198Z tjark.smalla@gmail.com
200
[]
no new likes found
I'm working...
2020-11-25T13:52:17.4273Z tjark.smalla@gmail.com
200
[]
no new likes found
I'm working...
2020-11-25T13:52:22.9580Z tjark.smalla@gmail.com
200
[]
no new likes found
I'm working...
2020-11-25T13:52:28.0611Z tjark.smalla@gmail.com
200
[]
no new likes found
I'm working...
2020-11-25T13:52:33.1615Z tjark.smalla@gmail.com
200
[]
no new likes found
I'm working...
2020-11-25T13:52:38.2586Z tjark.smalla@gmail.com
200
[]
no new likes found
I'm working...
2020-11-25T13:52:43.3677Z tjark.smalla@gmail.com
200
[]
no new likes found
I'm working...
2020-11-25T13:52:48.4885Z tjark.smalla@gmail.com
200
[]
no new likes found
I'm working...
2020-11-25T13:52:53.5941Z tjark.smalla@gmail.com
200
[]
no new likes found
I'm working...
2020-11-25T13:52:58.6861Z tjark.smalla@gmail.com
200
[]
no new likes found
I'm working...
2020-11-25T13:53:03.7850Z tjark.smalla@gmail.com
200
[]
no new likes found
I'm working...
2020-11-25T13:53:08.9175Z tjark.smalla@gmail.com
200
[]
no new likes found
I'm working...
2020-11-25T13:53:14.0273Z tjark.smalla@gmail.com
200
[]
no new likes found
I'm working...
2020-11-25T13:53:19.1479Z tjark.smalla@gmail.com
200
[]
no new likes found
I'm working...
2020-11-25T13:53:24.2662Z tjark.smalla@gmail.com
200
[]
no new likes found
I'm working...
2020-11-25T13:53:29.3656Z tjark.smalla@gmail.com
200
[]
no new likes found
I'm working...
2020-11-25T13:53:34.4688Z tjark.smalla@gmail.com
200
[]
no new likes found
I'm working...
2020-11-25T13:53:39.5746Z tjark.smalla@gmail.com
200
[]
no new likes found
I'm working...
2020-11-25T13:53:44.6853Z tjark.smalla@gmail.com
200
[]
no new likes found
I'm working...
2020-11-25T13:53:49.7908Z tjark.smalla@gmail.com
200
[]
no new likes found
I'm working...
2020-11-25T13:53:54.9342Z tjark.smalla@gmail.com
200
[]
no new likes found
I'm working...
2020-11-25T13:54:00.0451Z tjark.smalla@gmail.com
200
[]
no new likes found
I'm working...
2020-11-25T13:54:05.1458Z tjark.smalla@gmail.com
200
[]
no new likes found
I'm working...
2020-11-25T13:54:10.3025Z tjark.smalla@gmail.com
200
[]
no new likes found
I'm working...
2020-11-25T13:54:15.4063Z tjark.smalla@gmail.com
200
[]
no new likes found
I'm working...
2020-11-25T13:54:20.5067Z tjark.smalla@gmail.com
200
[]
no new likes found
I'm working...
2020-11-25T13:54:25.5962Z tjark.smalla@gmail.com
200
[]
no new likes found
I'm working...
2020-11-25T13:54:30.7237Z tjark.smalla@gmail.com
200
[]
no new likes found
I'm working...
2020-11-25T13:54:35.8472Z tjark.smalla@gmail.com
200
[]
no new likes found
I'm working...
2020-11-25T13:54:40.9406Z tjark.smalla@gmail.com
200
[]
no new likes found
I'm working...
2020-11-25T13:54:46.0609Z tjark.smalla@gmail.com
200
[]
no new likes found
I'm working...
2020-11-25T13:54:51.1828Z tjark.smalla@gmail.com
200
[]
no new likes found
I'm working...
2020-11-25T13:54:56.2806Z tjark.smalla@gmail.com
200
[]
no new likes found
I'm working...
2020-11-25T13:55:01.3983Z tjark.smalla@gmail.com
200
[]
no new likes found
I'm working...
2020-11-25T13:55:06.5144Z tjark.smalla@gmail.com
200
[]
no new likes found
I'm working...
2020-11-25T13:55:11.6250Z tjark.smalla@gmail.com
200
[]
no new likes found
I'm working...
2020-11-25T13:55:16.7422Z tjark.smalla@gmail.com
200
[{'file': 'codelike.py', 'from_l': 8, 'timestamp': '2020-11-25T13:55:18.940Z', 'by': 'tjark.smalla@gmail.com', 'project': 'git@gitlab.com:codelike/cli.git', 'user': 'tjark.smalla@gmail.com', 'email': 'tjark.smalla@gmail.com', 'to_l': 16, 'author': 'tjark.smalla@gmail.com'}]
new likes found!!!
I'm working...
2020-11-25T13:55:21.8437Z tjark.smalla@gmail.com
200
[]
no new likes found
I'm working...
2020-11-25T13:55:27.1137Z tjark.smalla@gmail.com
200
[]
no new likes found
I'm working...
2020-11-25T13:55:32.2257Z tjark.smalla@gmail.com
200
[]
no new likes found
I'm working...
2020-11-25T13:55:37.3238Z tjark.smalla@gmail.com
200
[]
no new likes found
I'm working...
2020-11-25T13:55:42.4222Z tjark.smalla@gmail.com
200
[]
no new likes found
I'm working...
2020-11-25T13:55:47.5268Z tjark.smalla@gmail.com
200
[]
no new likes found
I'm working...
2020-11-25T13:55:52.6157Z tjark.smalla@gmail.com
200
[]
no new likes found
I'm working...
2020-11-25T13:55:57.7428Z tjark.smalla@gmail.com
200
[]
no new likes found
I'm working...
2020-11-25T13:56:02.8398Z tjark.smalla@gmail.com
200
[]
no new likes found
I'm working...
2020-11-25T13:56:08.0126Z tjark.smalla@gmail.com
200
[]
no new likes found
I'm working...
2020-11-25T13:56:13.1241Z tjark.smalla@gmail.com
200
[{'file': 'codelike.py', 'from_l': 8, 'timestamp': '2020-11-25T13:56:16.937Z', 'by': 'tjark.smalla@gmail.com', 'project': 'git@gitlab.com:codelike/cli.git', 'user': 'tjark.smalla@gmail.com', 'email': 'tjark.smalla@gmail.com', 'to_l': 16, 'author': 'tjark.smalla@gmail.com'}]
new likes found!!!
I'm working...
2020-11-25T13:56:18.2295Z tjark.smalla@gmail.com
200
[]
no new likes found
I'm working...
2020-11-25T13:56:23.5274Z tjark.smalla@gmail.com
200
[]
no new likes found
I'm working...
2020-11-25T13:56:28.6242Z tjark.smalla@gmail.com
200
[]
no new likes found
I'm working...
2020-11-25T13:56:33.7241Z tjark.smalla@gmail.com
200
[]
no new likes found
I'm working...
2020-11-25T13:56:38.8184Z tjark.smalla@gmail.com
200
[]
no new likes found
I'm working...
2020-11-25T13:56:43.9238Z tjark.smalla@gmail.com
200
[]
no new likes found
I'm working...
2020-11-25T13:56:57.6871Z tjark.smalla@gmail.com
200
[]
no new likes found
I'm working...
2020-11-25T13:57:02.7028Z tjark.smalla@gmail.com
200
[{'file': 'codelike.py', 'from_l': 8, 'timestamp': '2020-11-25T13:57:05.772Z', 'by': 'tjark.smalla@gmail.com', 'project': 'git@gitlab.com:codelike/cli.git', 'user': 'tjark.smalla@gmail.com', 'email': 'tjark.smalla@gmail.com', 'to_l': 16, 'author': 'tjark.smalla@gmail.com'}]
new likes found!!!
I'm working...
2020-11-25T13:57:07.8241Z tjark.smalla@gmail.com
200
[]
no new likes found
I'm working...
2020-11-25T13:57:13.0913Z tjark.smalla@gmail.com
200
[]
no new likes found
I'm working...
2020-11-25T13:57:18.6951Z tjark.smalla@gmail.com
200
[]
no new likes found
I'm working...
2020-11-25T13:57:23.8027Z tjark.smalla@gmail.com
200
[]
no new likes found
I'm working...
2020-11-25T13:57:28.9042Z tjark.smalla@gmail.com
200
[]
no new likes found
I'm working...
2020-11-25T13:57:34.0436Z tjark.smalla@gmail.com
200
[]
no new likes found
I'm working...
2020-11-25T13:57:39.4653Z tjark.smalla@gmail.com
200
[{'file': 'codelike.py', 'from_l': 8, 'timestamp': '2020-11-25T13:57:44.091Z', 'by': 'tjark.smalla@gmail.com', 'project': 'git@gitlab.com:codelike/cli.git', 'user': 'tjark.smalla@gmail.com', 'email': 'tjark.smalla@gmail.com', 'to_l': 16, 'author': 'tjark.smalla@gmail.com'}]
new likes found!!!
I'm working...
2020-11-25T13:57:44.4809Z tjark.smalla@gmail.com
200
[]
no new likes found
I'm working...
2020-11-25T13:57:49.7798Z tjark.smalla@gmail.com
200
[]
no new likes found
I'm working...
2020-11-25T13:57:54.8786Z tjark.smalla@gmail.com
200
[]
no new likes found
I'm working...
2020-11-25T13:57:59.9856Z tjark.smalla@gmail.com
200
[]
no new likes found
I'm working...
2020-11-25T13:58:05.1202Z tjark.smalla@gmail.com
200
[]
no new likes found
I'm working...
2020-11-25T13:58:10.2305Z tjark.smalla@gmail.com
200
[]
no new likes found
I'm working...
2020-11-25T13:58:15.3596Z tjark.smalla@gmail.com
200
[]
no new likes found
I'm working...
2020-11-25T13:58:20.4599Z tjark.smalla@gmail.com
200
[]
no new likes found
I'm working...
2020-11-25T13:58:25.5776Z tjark.smalla@gmail.com
200
[]
no new likes found
I'm working...
2020-11-25T13:58:30.6779Z tjark.smalla@gmail.com
200
[{'file': 'codelike.py', 'from_l': 8, 'timestamp': '2020-11-25T13:58:31.737Z', 'by': 'tjark.smalla@gmail.com', 'project': 'git@gitlab.com:codelike/cli.git', 'user': 'tjark.smalla@gmail.com', 'email': 'tjark.smalla@gmail.com', 'to_l': 16, 'author': 'tjark.smalla@gmail.com'}]
new likes found!!!
I'm working...
2020-11-25T13:58:35.8103Z tjark.smalla@gmail.com
200
[]
no new likes found
I'm working...
2020-11-25T13:58:41.0869Z tjark.smalla@gmail.com
200
[]
no new likes found
I'm working...
2020-11-25T13:58:46.1875Z tjark.smalla@gmail.com
200
[]
no new likes found
I'm working...
2020-11-25T13:58:51.2903Z tjark.smalla@gmail.com
200
[]
no new likes found
I'm working...
2020-11-25T13:58:56.3942Z tjark.smalla@gmail.com
200
[]
no new likes found
I'm working...
2020-11-25T13:59:01.5056Z tjark.smalla@gmail.com
200
[]
no new likes found
I'm working...
2020-11-25T13:59:06.6055Z tjark.smalla@gmail.com
200
[]
no new likes found
I'm working...
2020-11-25T13:59:11.7051Z tjark.smalla@gmail.com
200
[]
no new likes found
I'm working...
2020-11-25T13:59:16.8176Z tjark.smalla@gmail.com
200
[]
no new likes found
I'm working...
2020-11-25T13:59:21.9337Z tjark.smalla@gmail.com
200
[]
no new likes found
I'm working...
2020-11-25T13:59:27.0378Z tjark.smalla@gmail.com
200
[]
no new likes found
I'm working...
2020-11-25T13:59:32.1289Z tjark.smalla@gmail.com
200
[]
no new likes found
I'm working...
2020-11-25T13:59:37.2394Z tjark.smalla@gmail.com
200
[]
no new likes found
I'm working...
2020-11-25T13:59:42.3467Z tjark.smalla@gmail.com
200
[]
no new likes found
I'm working...
2020-11-25T13:59:47.4391Z tjark.smalla@gmail.com
200
[]
no new likes found
I'm working...
2020-11-25T13:59:52.5721Z tjark.smalla@gmail.com
200
[]
no new likes found
I'm working...
2020-11-25T13:59:57.6748Z tjark.smalla@gmail.com
200
[]
no new likes found
I'm working...
2020-11-25T14:00:03.0569Z tjark.smalla@gmail.com
200
[]
no new likes found
I'm working...
2020-11-25T14:00:08.8518Z tjark.smalla@gmail.com
200
[]
no new likes found
I'm working...
2020-11-25T14:00:13.9632Z tjark.smalla@gmail.com
200
[]
no new likes found
I'm working...
2020-11-25T14:00:19.0973Z tjark.smalla@gmail.com
200
[]
no new likes found
I'm working...
2020-11-25T14:00:24.2075Z tjark.smalla@gmail.com
200
[]
no new likes found
I'm working...
2020-11-25T14:00:29.3076Z tjark.smalla@gmail.com
200
[]
no new likes found
I'm working...
2020-11-25T14:00:34.3971Z tjark.smalla@gmail.com
200
[]
no new likes found
I'm working...
2020-11-25T14:00:39.4976Z tjark.smalla@gmail.com
200
[]
no new likes found
I'm working...
2020-11-25T14:00:44.6068Z tjark.smalla@gmail.com
200
[]
no new likes found
I'm working...
2020-11-25T14:00:49.7037Z tjark.smalla@gmail.com
200
[]
no new likes found
I'm working...
2020-11-25T14:00:54.8074Z tjark.smalla@gmail.com
200
[]
no new likes found
I'm working...
2020-11-25T14:01:01.3081Z tjark.smalla@gmail.com
200
[{'file': 'codelike.py', 'from_l': 8, 'timestamp': '2020-11-25T14:01:06.710Z', 'by': 'tjark.smalla@gmail.com', 'project': 'git@gitlab.com:codelike/cli.git', 'user': 'tjark.smalla@gmail.com', 'email': 'tjark.smalla@gmail.com', 'to_l': 16, 'author': 'tjark.smalla@gmail.com'}]
new likes found!!!
I'm working...
2020-11-25T14:01:06.3212Z tjark.smalla@gmail.com
200
[{'file': 'codelike.py', 'from_l': 8, 'timestamp': '2020-11-25T14:01:06.710Z', 'by': 'tjark.smalla@gmail.com', 'project': 'git@gitlab.com:codelike/cli.git', 'user': 'tjark.smalla@gmail.com', 'email': 'tjark.smalla@gmail.com', 'to_l': 16, 'author': 'tjark.smalla@gmail.com'}]
new likes found!!!
I'm working...
2020-11-25T14:01:11.9700Z tjark.smalla@gmail.com
200
[]
no new likes found
I'm working...
2020-11-25T14:01:17.2300Z tjark.smalla@gmail.com
200
[]
no new likes found
I'm working...
2020-11-25T14:01:22.4485Z tjark.smalla@gmail.com
200
[]
no new likes found
I'm working...
2020-11-25T14:01:27.5700Z tjark.smalla@gmail.com
200
[]
no new likes found
I'm working...
2020-11-25T14:01:32.6776Z tjark.smalla@gmail.com
200
[]
no new likes found
I'm working...
2020-11-25T14:01:37.7724Z tjark.smalla@gmail.com
200
[]
no new likes found
I'm working...
2020-11-25T14:01:42.8695Z tjark.smalla@gmail.com
200
[]
no new likes found
I'm working...
2020-11-25T14:01:47.9781Z tjark.smalla@gmail.com
200
[{'file': 'codelike.py', 'from_l': 8, 'timestamp': '2020-11-25T14:01:49.091Z', 'by': 'tjark.smalla@gmail.com', 'project': 'git@gitlab.com:codelike/cli.git', 'user': 'tjark.smalla@gmail.com', 'email': 'tjark.smalla@gmail.com', 'to_l': 16, 'author': 'tjark.smalla@gmail.com'}]
new likes found!!!
I'm working...
2020-11-25T14:01:53.0783Z tjark.smalla@gmail.com
200
[]
no new likes found
I'm working...
2020-11-25T14:01:58.3373Z tjark.smalla@gmail.com
200
[]
no new likes found
I'm working...
2020-11-25T14:02:03.4546Z tjark.smalla@gmail.com
200
[]
no new likes found
I'm working...
2020-11-25T14:02:08.5751Z tjark.smalla@gmail.com
200
[]
no new likes found
I'm working...
2020-11-25T14:02:13.6882Z tjark.smalla@gmail.com
200
[]
no new likes found
I'm working...
2020-11-25T14:02:18.7816Z tjark.smalla@gmail.com
200
[]
no new likes found
I'm working...
2020-11-25T14:02:23.8892Z tjark.smalla@gmail.com
200
[]
no new likes found
I'm working...
2020-11-25T14:02:29.0944Z tjark.smalla@gmail.com
200
[]
no new likes found
I'm working...
2020-11-25T14:02:34.2070Z tjark.smalla@gmail.com
200
[]
no new likes found
I'm working...
2020-11-25T14:02:39.3189Z tjark.smalla@gmail.com
200
[]
no new likes found
I'm working...
2020-11-25T14:02:44.5710Z tjark.smalla@gmail.com
200
[]
no new likes found
I'm working...
2020-11-25T14:02:49.6778Z tjark.smalla@gmail.com
200
[]
no new likes found
I'm working...
2020-11-25T14:02:54.7785Z tjark.smalla@gmail.com
200
[]
no new likes found
I'm working...
2020-11-25T14:02:59.8890Z tjark.smalla@gmail.com
200
[]
no new likes found
I'm working...
2020-11-25T14:03:05.0036Z tjark.smalla@gmail.com
200
[]
no new likes found
I'm working...
2020-11-25T14:03:10.1416Z tjark.smalla@gmail.com
200
[]
no new likes found
I'm working...
2020-11-25T14:03:15.2555Z tjark.smalla@gmail.com
200
[]
no new likes found
I'm working...
2020-11-25T14:03:20.3628Z tjark.smalla@gmail.com
200
[]
no new likes found
I'm working...
2020-11-25T14:03:25.4837Z tjark.smalla@gmail.com
200
[]
no new likes found
I'm working...
2020-11-25T14:03:30.5848Z tjark.smalla@gmail.com
200
[]
no new likes found
I'm working...
2020-11-25T14:03:35.6814Z tjark.smalla@gmail.com
200
[]
no new likes found
I'm working...
2020-11-25T14:03:40.7699Z tjark.smalla@gmail.com
200
[]
no new likes found
I'm working...
2020-11-25T14:03:45.8701Z tjark.smalla@gmail.com
200
[]
no new likes found
I'm working...
2020-11-25T14:03:50.9711Z tjark.smalla@gmail.com
200
[]
no new likes found
I'm working...
2020-11-25T14:03:56.0772Z tjark.smalla@gmail.com
200
[]
no new likes found
I'm working...
2020-11-25T14:04:01.1909Z tjark.smalla@gmail.com
200
[]
no new likes found
I'm working...
2020-11-25T14:04:06.3147Z tjark.smalla@gmail.com
200
[]
no new likes found
I'm working...
2020-11-25T14:04:11.4071Z tjark.smalla@gmail.com
200
[]
no new likes found
I'm working...
2020-11-25T14:04:16.5039Z tjark.smalla@gmail.com
200
[]
no new likes found
I'm working...
2020-11-25T14:04:21.6205Z tjark.smalla@gmail.com
200
[]
no new likes found
I'm working...
2020-11-25T14:04:26.7145Z tjark.smalla@gmail.com
200
[]
no new likes found
I'm working...
2020-11-25T14:04:31.8136Z tjark.smalla@gmail.com
200
[]
no new likes found
I'm working...
2020-11-25T14:04:36.9059Z tjark.smalla@gmail.com
200
[]
no new likes found
I'm working...
2020-11-25T14:04:42.0114Z tjark.smalla@gmail.com
200
[]
no new likes found
I'm working...
2020-11-25T14:04:47.1141Z tjark.smalla@gmail.com
200
[]
no new likes found
I'm working...
2020-11-25T14:04:52.2220Z tjark.smalla@gmail.com
200
[]
no new likes found
I'm working...
2020-11-25T14:04:57.8811Z tjark.smalla@gmail.com
200
[]
no new likes found
I'm working...
2020-11-25T14:05:03.0018Z tjark.smalla@gmail.com
200
[]
no new likes found
I'm working...
2020-11-25T14:05:08.1098Z tjark.smalla@gmail.com
200
[]
no new likes found
I'm working...
2020-11-25T14:05:13.3015Z tjark.smalla@gmail.com
200
[]
no new likes found
I'm working...
2020-11-25T14:05:18.4014Z tjark.smalla@gmail.com
200
[]
no new likes found
I'm working...
2020-11-25T14:05:23.5020Z tjark.smalla@gmail.com
200
[]
no new likes found
I'm working...
2020-11-25T14:05:28.6086Z tjark.smalla@gmail.com
200
[]
no new likes found
I'm working...
2020-11-25T14:05:33.7282Z tjark.smalla@gmail.com
200
[]
no new likes found
I'm working...
2020-11-25T14:05:38.8214Z tjark.smalla@gmail.com
200
[]
no new likes found
I'm working...
2020-11-25T14:05:43.9206Z tjark.smalla@gmail.com
200
[]
no new likes found
I'm working...
2020-11-25T14:05:49.1283Z tjark.smalla@gmail.com
200
[]
no new likes found
I'm working...
2020-11-25T14:05:54.2411Z tjark.smalla@gmail.com
200
[]
no new likes found
I'm working...
2020-11-25T14:05:59.3864Z tjark.smalla@gmail.com
200
[]
no new likes found
I'm working...
2020-11-25T14:06:04.4846Z tjark.smalla@gmail.com
200
[]
no new likes found
I'm working...
2020-11-25T14:06:09.5912Z tjark.smalla@gmail.com
200
[]
no new likes found
I'm working...
2020-11-25T14:06:14.6844Z tjark.smalla@gmail.com
200
[]
no new likes found
I'm working...
2020-11-25T14:06:19.7725Z tjark.smalla@gmail.com
200
[]
no new likes found
I'm working...
2020-11-25T14:06:24.8702Z tjark.smalla@gmail.com
200
[]
no new likes found
I'm working...
2020-11-25T14:06:29.9658Z tjark.smalla@gmail.com
200
[]
no new likes found
I'm working...
2020-11-25T14:06:35.0845Z tjark.smalla@gmail.com
200
[]
no new likes found
I'm working...
2020-11-25T14:06:40.2102Z tjark.smalla@gmail.com
200
[]
no new likes found
I'm working...
2020-11-25T14:06:45.3089Z tjark.smalla@gmail.com
200
[]
no new likes found
I'm working...
2020-11-25T14:06:50.4333Z tjark.smalla@gmail.com
200
[]
no new likes found
I'm working...
2020-11-25T14:06:55.5437Z tjark.smalla@gmail.com
200
[]
no new likes found
I'm working...
2020-11-25T14:07:00.6622Z tjark.smalla@gmail.com
200
[]
no new likes found
I'm working...
2020-11-25T14:07:05.7657Z tjark.smalla@gmail.com
200
[]
no new likes found
I'm working...
2020-11-25T14:07:10.8995Z tjark.smalla@gmail.com
200
[]
no new likes found
I'm working...
2020-11-25T14:07:15.9973Z tjark.smalla@gmail.com
200
[]
no new likes found
I'm working...
2020-11-25T14:07:21.1160Z tjark.smalla@gmail.com
200
[]
no new likes found
I'm working...
2020-11-25T14:07:26.2213Z tjark.smalla@gmail.com
200
[]
no new likes found
I'm working...
2020-11-25T14:07:31.3166Z tjark.smalla@gmail.com
200
[]
no new likes found
I'm working...
2020-11-25T14:07:36.4377Z tjark.smalla@gmail.com
200
[]
no new likes found
I'm working...
2020-11-25T14:07:41.5375Z tjark.smalla@gmail.com
200
[]
no new likes found
I'm working...
2020-11-25T14:07:46.6492Z tjark.smalla@gmail.com
200
[]
no new likes found
I'm working...
2020-11-25T14:07:51.7492Z tjark.smalla@gmail.com
200
[]
no new likes found
I'm working...
2020-11-25T14:07:56.8508Z tjark.smalla@gmail.com
200
[]
no new likes found
I'm working...
2020-11-25T14:08:01.9507Z tjark.smalla@gmail.com
200
[]
no new likes found
I'm working...
2020-11-25T14:08:07.0550Z tjark.smalla@gmail.com
200
[]
no new likes found
I'm working...
2020-11-25T14:08:12.2116Z tjark.smalla@gmail.com
200
[]
no new likes found
I'm working...
2020-11-25T14:08:17.3130Z tjark.smalla@gmail.com
200
[]
no new likes found
I'm working...
2020-11-25T14:08:22.4333Z tjark.smalla@gmail.com
200
[]
no new likes found
I'm working...
2020-11-25T14:08:27.6959Z tjark.smalla@gmail.com
200
[]
no new likes found
I'm working...
2020-11-25T14:08:32.8068Z tjark.smalla@gmail.com
200
[]
no new likes found
I'm working...
2020-11-25T14:08:37.9077Z tjark.smalla@gmail.com
200
[]
no new likes found
I'm working...
2020-11-25T14:08:43.0189Z tjark.smalla@gmail.com
200
[]
no new likes found
I'm working...
2020-11-25T14:08:48.1220Z tjark.smalla@gmail.com
200
[]
no new likes found
I'm working...
2020-11-25T14:08:53.2189Z tjark.smalla@gmail.com
200
[]
no new likes found
I'm working...
2020-11-25T14:08:58.3274Z tjark.smalla@gmail.com
200
[]
no new likes found
I'm working...
2020-11-25T14:09:03.4340Z tjark.smalla@gmail.com
200
[]
no new likes found
I'm working...
2020-11-25T14:09:08.5457Z tjark.smalla@gmail.com
200
[]
no new likes found
I'm working...
2020-11-25T14:09:13.6414Z tjark.smalla@gmail.com
200
[]
no new likes found
I'm working...
2020-11-25T14:09:18.7662Z tjark.smalla@gmail.com
200
[]
no new likes found
I'm working...
2020-11-25T14:09:23.8813Z tjark.smalla@gmail.com
200
[]
no new likes found
I'm working...
2020-11-25T14:09:28.9939Z tjark.smalla@gmail.com
200
[]
no new likes found
I'm working...
2020-11-25T14:09:34.1008Z tjark.smalla@gmail.com
200
[]
no new likes found
I'm working...
2020-11-25T14:09:39.1986Z tjark.smalla@gmail.com
200
[]
no new likes found
I'm working...
2020-11-25T14:09:44.3162Z tjark.smalla@gmail.com
200
[]
no new likes found
I'm working...
2020-11-25T14:09:49.4638Z tjark.smalla@gmail.com
200
[]
no new likes found
I'm working...
2020-11-25T14:09:55.5690Z tjark.smalla@gmail.com
200
[]
no new likes found
I'm working...
2020-11-25T14:10:00.6889Z tjark.smalla@gmail.com
200
[]
no new likes found
I'm working...
2020-11-25T14:10:05.7908Z tjark.smalla@gmail.com
200
[]
no new likes found
I'm working...
2020-11-25T14:10:10.9156Z tjark.smalla@gmail.com
200
[]
no new likes found
I'm working...
2020-11-25T14:10:16.0251Z tjark.smalla@gmail.com
200
[]
no new likes found
I'm working...
2020-11-25T14:10:21.1332Z tjark.smalla@gmail.com
200
[]
no new likes found
I'm working...
2020-11-25T14:10:26.2750Z tjark.smalla@gmail.com
200
[]
no new likes found
I'm working...
2020-11-25T14:10:31.3911Z tjark.smalla@gmail.com
200
[]
no new likes found
I'm working...
2020-11-25T14:10:36.4876Z tjark.smalla@gmail.com
200
[]
no new likes found
I'm working...
2020-11-25T14:10:41.6012Z tjark.smalla@gmail.com
200
[]
no new likes found
I'm working...
2020-11-25T14:10:46.7093Z tjark.smalla@gmail.com
200
[]
no new likes found
I'm working...
2020-11-25T14:10:51.8056Z tjark.smalla@gmail.com
200
[]
no new likes found
I'm working...
2020-11-25T14:10:56.9207Z tjark.smalla@gmail.com
200
[]
no new likes found
I'm working...
2020-11-25T14:11:02.0375Z tjark.smalla@gmail.com
200
[]
no new likes found
I'm working...
2020-11-25T14:11:07.2010Z tjark.smalla@gmail.com
200
[]
no new likes found
I'm working...
2020-11-25T14:11:12.3238Z tjark.smalla@gmail.com
200
[]
no new likes found
I'm working...
2020-11-25T14:11:17.4306Z tjark.smalla@gmail.com
200
[]
no new likes found
I'm working...
2020-11-25T14:11:22.5385Z tjark.smalla@gmail.com
200
[]
no new likes found
I'm working...
2020-11-25T14:11:27.6515Z tjark.smalla@gmail.com
200
[]
no new likes found
I'm working...
2020-11-25T14:11:32.8239Z tjark.smalla@gmail.com
200
[]
no new likes found
I'm working...
2020-11-25T14:11:37.9128Z tjark.smalla@gmail.com
200
[]
no new likes found
I'm working...
2020-11-25T14:11:43.0178Z tjark.smalla@gmail.com
200
[]
no new likes found
I'm working...
2020-11-25T14:11:48.1111Z tjark.smalla@gmail.com
200
[]
no new likes found
I'm working...
2020-11-25T14:11:53.2018Z tjark.smalla@gmail.com
200
[]
no new likes found
I'm working...
2020-11-25T14:11:58.3060Z tjark.smalla@gmail.com
200
[]
no new likes found
I'm working...
2020-11-25T14:12:03.4208Z tjark.smalla@gmail.com
200
[]
no new likes found
I'm working...
2020-11-25T14:12:08.5519Z tjark.smalla@gmail.com
200
[]
no new likes found
I'm working...
2020-11-25T14:12:13.6473Z tjark.smalla@gmail.com
200
[]
no new likes found
I'm working...
2020-11-25T14:12:18.7550Z tjark.smalla@gmail.com
200
[]
no new likes found
I'm working...
2020-11-25T14:12:23.8614Z tjark.smalla@gmail.com
200
[]
no new likes found
I'm working...
2020-11-25T14:12:28.9702Z tjark.smalla@gmail.com
200
[]
no new likes found
I'm working...
2020-11-25T14:12:34.0902Z tjark.smalla@gmail.com
200
[]
no new likes found
I'm working...
2020-11-25T14:12:39.1826Z tjark.smalla@gmail.com
200
[]
no new likes found
I'm working...
2020-11-25T14:12:44.2905Z tjark.smalla@gmail.com
200
[]
no new likes found
I'm working...
2020-11-25T14:12:49.4087Z tjark.smalla@gmail.com
200
[]
no new likes found
I'm working...
2020-11-25T14:12:54.5146Z tjark.smalla@gmail.com
200
[]
no new likes found
I'm working...
2020-11-25T14:12:59.6141Z tjark.smalla@gmail.com
200
[]
no new likes found
I'm working...
2020-11-25T14:13:04.7209Z tjark.smalla@gmail.com
200
[]
no new likes found
I'm working...
2020-11-25T14:13:09.8203Z tjark.smalla@gmail.com
200
[]
no new likes found
I'm working...
2020-11-25T14:13:14.9207Z tjark.smalla@gmail.com
200
[]
no new likes found
I'm working...
2020-11-25T14:13:20.0210Z tjark.smalla@gmail.com
200
[]
no new likes found
I'm working...
2020-11-25T14:13:25.1296Z tjark.smalla@gmail.com
200
[]
no new likes found
I'm working...
2020-11-25T14:13:30.4569Z tjark.smalla@gmail.com
200
[]
no new likes found
I'm working...
2020-11-25T14:13:35.5500Z tjark.smalla@gmail.com
200
[]
no new likes found
I'm working...
2020-11-25T14:13:40.6632Z tjark.smalla@gmail.com
200
[]
no new likes found
I'm working...
2020-11-25T14:13:45.8500Z tjark.smalla@gmail.com
200
[]
no new likes found
I'm working...
2020-11-25T14:13:51.2304Z tjark.smalla@gmail.com
200
[]
no new likes found
I'm working...
2020-11-25T14:13:56.6276Z tjark.smalla@gmail.com
200
[]
no new likes found
I'm working...
2020-11-25T14:14:01.7314Z tjark.smalla@gmail.com
200
[]
no new likes found
I'm working...
2020-11-25T14:14:06.8390Z tjark.smalla@gmail.com
200
[]
no new likes found
I'm working...
2020-11-25T14:14:11.9394Z tjark.smalla@gmail.com
200
[]
no new likes found
I'm working...
2020-11-25T14:14:17.0394Z tjark.smalla@gmail.com
200
[]
no new likes found
I'm working...
2020-11-25T14:14:22.1630Z tjark.smalla@gmail.com
200
[]
no new likes found
I'm working...
2020-11-25T14:14:27.2980Z tjark.smalla@gmail.com
200
[]
no new likes found
I'm working...
2020-11-25T14:14:32.3826Z tjark.smalla@gmail.com
200
[]
no new likes found
I'm working...
2020-11-25T14:14:37.4737Z tjark.smalla@gmail.com
200
[]
no new likes found
I'm working...
2020-11-25T14:14:42.5663Z tjark.smalla@gmail.com
200
[]
no new likes found
I'm working...
2020-11-25T14:14:47.6735Z tjark.smalla@gmail.com
200
[]
no new likes found
I'm working...
2020-11-25T14:14:52.7789Z tjark.smalla@gmail.com
200
[]
no new likes found
I'm working...
2020-11-25T14:14:57.8904Z tjark.smalla@gmail.com
200
[]
no new likes found
I'm working...
2020-11-25T14:15:02.9948Z tjark.smalla@gmail.com
200
[]
no new likes found
I'm working...
2020-11-25T14:15:08.1130Z tjark.smalla@gmail.com
200
[]
no new likes found
I'm working...
2020-11-25T14:15:13.2075Z tjark.smalla@gmail.com
200
[]
no new likes found
I'm working...
2020-11-25T14:15:18.3082Z tjark.smalla@gmail.com
200
[]
no new likes found
I'm working...
2020-11-25T14:15:23.4175Z tjark.smalla@gmail.com
200
[]
no new likes found
I'm working...
2020-11-25T14:15:28.5172Z tjark.smalla@gmail.com
200
[]
no new likes found
I'm working...
2020-11-25T14:15:33.6140Z tjark.smalla@gmail.com
200
[]
no new likes found
I'm working...
2020-11-25T14:15:38.7262Z tjark.smalla@gmail.com
200
[]
no new likes found
I'm working...
2020-11-25T14:15:43.8353Z tjark.smalla@gmail.com
200
[]
no new likes found
I'm working...
2020-11-25T14:15:48.9461Z tjark.smalla@gmail.com
200
[]
no new likes found
I'm working...
2020-11-25T14:15:54.0467Z tjark.smalla@gmail.com
200
[]
no new likes found
I'm working...
2020-11-25T14:15:59.1487Z tjark.smalla@gmail.com
200
[]
no new likes found
I'm working...
2020-11-25T14:16:04.2468Z tjark.smalla@gmail.com
200
[]
no new likes found
I'm working...
2020-11-25T14:16:09.3604Z tjark.smalla@gmail.com
200
[]
no new likes found
I'm working...
2020-11-25T14:16:14.4532Z tjark.smalla@gmail.com
200
[]
no new likes found
I'm working...
2020-11-25T14:16:19.5775Z tjark.smalla@gmail.com
200
[]
no new likes found
I'm working...
2020-11-25T14:16:24.6712Z tjark.smalla@gmail.com
200
[]
no new likes found
I'm working...
2020-11-25T14:16:29.8117Z tjark.smalla@gmail.com
200
[]
no new likes found
I'm working...
2020-11-25T14:16:34.9050Z tjark.smalla@gmail.com
200
[]
no new likes found
I'm working...
2020-11-25T14:16:40.0111Z tjark.smalla@gmail.com
200
[]
no new likes found
I'm working...
2020-11-25T14:16:45.1271Z tjark.smalla@gmail.com
200
[]
no new likes found
I'm working...
